Traceback (most recent call last):
  File "createDataSet.py", line 27, in <module>
    os.mkdir(out_path)
FileNotFoundError: [Errno 2] No such file or directory: '/home/wingsby/data/white/'
RAD_336582494269546
RAD_206682404259546
RAD_316482474272554
RAD_246482424252538
RAD_526582494269530
RAD_496382414249539
RAD_516582464239536
RAD_516582494212534
RAD_236682464259532
RAD_466482494219553
RAD_416482464242536
invalid literal for int() with base 10: 'umb'
RAD_206482414212530
RAD_296682424259549
RAD_236582414252534
RAD_236482494279539
RAD_276582414222540
RAD_276482494272538
RAD_396682404232549
RAD_326482404232543
RAD_306582494219543
RAD_416482404262534
RAD_526382494262545
RAD_516482484232551
RAD_316782474229552
RAD_346582464279534
RAD_406482464232539
RAD_206582424229544
RAD_256482404269538
RAD_516682414252539
RAD_476482494269541
RAD_386482424242545
RAD_496382484259543
RAD_236582494259537
RAD_346682424212540
RAD_406382484219540
RAD_376582414222541
RAD_466382464222548
RAD_366682414232542
RAD_206582424242532
RAD_246582494249545
RAD_516582494222539
RAD_376482494272533
RAD_296682424222530
RAD_206782474252540
RAD_386482474272542
RAD_436582414252530
RAD_466482494269554
RAD_306382474219552
RAD_366382474232538
RAD_316482404232536
RAD_426382404259552
RAD_386582404219548
RAD_256482464279551
RAD_446582414259536
RAD_496382484252538
RAD_466482474272549
RAD_276582414262546
RAD_266582494262532
RAD_406382484229545
RAD_486682424232549
RAD_486582474229541
RAD_426382424279545
RAD_306582494249542
RAD_366382414259549
RAD_256782464222552
RAD_426482494252543
RAD_496482494232531
RAD_456482494239538
RAD_396582474219549
RAD_346582494232549
RAD_526582464219552
RAD_456682404232546
RAD_356782484252545
RAD_446382404242546
RAD_496582424279531
RAD_286482424249538
RAD_336582474219534
RAD_286682404219537
RAD_396682494229533
RAD_416382414252533
RAD_496482464212542
RAD_266582474222551
RAD_516382494232539
RAD_346682474239549
RAD_276482404229544
RAD_466682414222554
RAD_526582464259533
RAD_366582464259552
RAD_246582414262546
RAD_396682464222537
RAD_456382484259548
RAD_436482474219549
RAD_316582474272537
RAD_396482424262554
RAD_316582404279545
RAD_256582414242533
RAD_246682414222546
RAD_336582464262546
RAD_426482404242545
RAD_206482494222549
RAD_446682404232536
RAD_466482474272535
RAD_496382464219546
RAD_416682464249530
RAD_426482424239543
RAD_306682404232534
RAD_316682414242546
RAD_336482494252546
RAD_246682404212545
RAD_466482414249537
RAD_476582494212535
RAD_306582424252548
invalid literal for int() with base 10: 'umb'
RAD_526582464259554
RAD_476682464242539
RAD_256482494239551
RAD_396482414232551
invalid literal for int() with base 10: 'umb'
RAD_206482484212530
RAD_496382474279537
RAD_206482424249547
RAD_346482424259552
RAD_336682414279540
invalid literal for int() with base 10: 'umb'
RAD_296482464232537
RAD_406582404229534
RAD_396582494269541
RAD_486482424239535
RAD_236582494252544
RAD_306382484219532
RAD_486482464222548
RAD_356682484272551
RAD_476682474232530
RAD_486482474262543
RAD_376482404279542
RAD_476382494232547
RAD_306482474252533
RAD_516582414269534
invalid literal for int() with base 10: 'umb'
RAD_206482414212531
RAD_276482484242532
RAD_236782424229537
RAD_466382414242530
RAD_256482424222537
RAD_286582464229554
RAD_256582464239535
RAD_246582404279531
RAD_446482414222542
RAD_316682414242534
invalid literal for int() with base 10: 'umb'
RAD_296482464232536
RAD_276782404229552
RAD_366482484259532
RAD_346582424232552
RAD_276582474279533
RAD_246782424229533
RAD_246482474239541
RAD_236782414219554
RAD_226482414262551
RAD_386382474229531
RAD_476382404242542
RAD_336582494249554
RAD_456382494259533
RAD_296682474229538
RAD_396382474279534
RAD_316682414262532
RAD_496382414269549
RAD_306682494262534
RAD_526582424232535
RAD_296482464259544
RAD_226782464242546
RAD_256482464219548
RAD_486382474242533
RAD_266682424212530
RAD_206682414279539
RAD_526582414272536
RAD_316782484279547
RAD_246582494279536
RAD_386382484269530
RAD_486382424229541
RAD_496482474259539
RAD_496582414242535
RAD_256482464262551
RAD_206782424232552
RAD_346582424242549
RAD_406582424269549
RAD_316782474279534
RAD_486682494269531
RAD_496582464232543
RAD_366382424229543
RAD_516482414229539
RAD_476482404259540
RAD_476382424259539
RAD_386382474262531
RAD_296582474249533
RAD_476482474272533
RAD_476482424269542
RAD_386682464219551
RAD_336782464229531
RAD_266482484259532
invalid literal for int() with base 10: 'umb'
RAD_206482464212530
RAD_356782474272536
RAD_486682494229549
RAD_426582414279532
RAD_286582464229549
RAD_346482404232535
RAD_296482414249539
RAD_266582494212530
RAD_366582474259548
RAD_406482424229531
RAD_206482424259547
RAD_426582414242537
RAD_416582414242553
RAD_256582424229543
RAD_516482414279540
RAD_266482404249530
RAD_356782404232534
RAD_346582424222531
RAD_446582404269534
RAD_276582484262534
RAD_226582494242535
RAD_336582404242554
RAD_256782414222553
RAD_446682404232538
RAD_516482424249548
RAD_206782424239541
RAD_436582424262554
RAD_336782484269535
RAD_356482484272553
RAD_496582424269530
RAD_376382484229541
RAD_476582414229532
RAD_286782484239535
RAD_226482484219552
